c:\users\adler\src\rubiks\bin\intermediates\win32\release\vc142.pdb
c:\users\adler\src\rubiks\bin\intermediates\win32\release\square.obj
c:\users\adler\src\rubiks\bin\intermediates\win32\release\shader.obj
c:\users\adler\src\rubiks\bin\intermediates\win32\release\main.obj
c:\users\adler\src\rubiks\bin\intermediates\win32\release\instruction.obj
c:\users\adler\src\rubiks\bin\intermediates\win32\release\face.obj
c:\users\adler\src\rubiks\bin\intermediates\win32\release\grid.obj
c:\users\adler\src\rubiks\bin\intermediates\win32\release\cube.obj
c:\users\adler\src\rubiks\bin\intermediates\win32\release\camera.obj
c:\users\adler\src\rubiks\bin\intermediates\win32\release\bmpimage.obj
c:\users\adler\src\rubiks\bin\intermediates\win32\release\app.obj
c:\users\adler\src\rubiks\bin\intermediates\win32\release\ai.obj
c:\users\adler\src\rubiks\bin\win32\release\rubiks.exe
c:\users\adler\src\rubiks\bin\win32\release\rubiks.pdb
c:\users\adler\src\rubiks\bin\win32\release\rubiks.ipdb
c:\users\adler\src\rubiks\bin\win32\release\rubiks.iobj
c:\users\adler\src\rubiks\\bin\win32\release\rubiks.pdb
c:\users\adler\src\rubiks\\bin\win32\release\rubiks.exe
c:\users\adler\src\rubiks\bin\intermediates\win32\release\rubiks.tlog\cl.command.1.tlog
c:\users\adler\src\rubiks\bin\intermediates\win32\release\rubiks.tlog\cl.read.1.tlog
c:\users\adler\src\rubiks\bin\intermediates\win32\release\rubiks.tlog\cl.write.1.tlog
c:\users\adler\src\rubiks\bin\intermediates\win32\release\rubiks.tlog\link.command.1.tlog
c:\users\adler\src\rubiks\bin\intermediates\win32\release\rubiks.tlog\link.read.1.tlog
c:\users\adler\src\rubiks\bin\intermediates\win32\release\rubiks.tlog\link.write.1.tlog
c:\users\adler\src\rubiks\bin\intermediates\win32\release\rubiks.tlog\rubiks.write.1u.tlog
